<?xml version="1.0" encoding="UTF-8"?>
<testng-results skipped="0" failed="1" ignored="0" total="1" passed="0">
  <reporter-output>
  </reporter-output>
  <suite name="Default suite" duration-ms="14618" started-at="2021-01-07T12:07:33Z" finished-at="2021-01-07T12:07:47Z">
    <groups>
    </groups>
    <test name="Default test" duration-ms="14618" started-at="2021-01-07T12:07:33Z" finished-at="2021-01-07T12:07:47Z">
      <class name="BookMyShow.Show.Movie_Test">
        <test-method status="PASS" signature="inti()[pri:0, instance:BookMyShow.Show.Movie_Test@402a079c]" name="inti" is-config="true" duration-ms="7240" started-at="2021-01-07T12:07:33Z" finished-at="2021-01-07T12:07:40Z">
          <reporter-output>
          </reporter-output>
        </test-method> <!-- inti -->
        <test-method status="FAIL" signature="test()[pri:0, instance:BookMyShow.Show.Movie_Test@402a079c]" name="test" duration-ms="7347" started-at="2021-01-07T12:07:40Z" finished-at="2021-01-07T12:07:47Z">
          <exception class="java.io.FileNotFoundException">
            <message>
              <![CDATA[C:\Users\Verve Square\Desktop\kk.xlsx (The process cannot access the file because it is being used by another process)]]>
            </message>
            <full-stacktrace>
              <![CDATA[java.io.FileNotFoundException: C:\Users\Verve Square\Desktop\kk.xlsx (The process cannot access the file because it is being used by another process)
at java.io.FileOutputStream.open0(Native Method)
at java.io.FileOutputStream.open(Unknown Source)
at java.io.FileOutputStream.<init>(Unknown Source)
at java.io.FileOutputStream.<init>(Unknown Source)
at GoogleMovie.HomePage.IntSearch(HomePage.java:104)
at BookMyShow.Show.Movie_Test.test(Movie_Test.java:27)
at sun.reflect.NativeMethodAccessorImpl.invoke0(Native Method)
at sun.reflect.NativeMethodAccessorImpl.invoke(Unknown Source)
at sun.reflect.DelegatingMethodAccessorImpl.invoke(Unknown Source)
at java.lang.reflect.Method.invoke(Unknown Source)
at org.testng.internal.MethodInvocationHelper.invokeMethod(MethodInvocationHelper.java:124)
at org.testng.internal.Invoker.invokeMethod(Invoker.java:583)
at org.testng.internal.Invoker.invokeTestMethod(Invoker.java:719)
at org.testng.internal.Invoker.invokeTestMethods(Invoker.java:989)
at org.testng.internal.TestMethodWorker.invokeTestMethods(TestMethodWorker.java:125)
at org.testng.internal.TestMethodWorker.run(TestMethodWorker.java:109)
at org.testng.TestRunner.privateRun(TestRunner.java:648)
at org.testng.TestRunner.run(TestRunner.java:505)
at org.testng.SuiteRunner.runTest(SuiteRunner.java:455)
at org.testng.SuiteRunner.runSequentially(SuiteRunner.java:450)
at org.testng.SuiteRunner.privateRun(SuiteRunner.java:415)
at org.testng.SuiteRunner.run(SuiteRunner.java:364)
at org.testng.SuiteRunnerWorker.runSuite(SuiteRunnerWorker.java:52)
at org.testng.SuiteRunnerWorker.run(SuiteRunnerWorker.java:84)
at org.testng.TestNG.runSuitesSequentially(TestNG.java:1208)
at org.testng.TestNG.runSuitesLocally(TestNG.java:1137)
at org.testng.TestNG.runSuites(TestNG.java:1049)
at org.testng.TestNG.run(TestNG.java:1017)
at org.testng.remote.AbstractRemoteTestNG.run(AbstractRemoteTestNG.java:114)
at org.testng.remote.RemoteTestNG.initAndRun(RemoteTestNG.java:251)
at org.testng.remote.RemoteTestNG.main(RemoteTestNG.java:77)
]]>
            </full-stacktrace>
          </exception> <!-- java.io.FileNotFoundException -->
          <reporter-output>
          </reporter-output>
        </test-method> <!-- test -->
      </class> <!-- BookMyShow.Show.Movie_Test -->
    </test> <!-- Default test -->
  </suite> <!-- Default suite -->
</testng-results>
