<?xml version="1.0" encoding="UTF-8"?>
<testng-results skipped="0" failed="0" ignored="0" total="1" passed="1">
  <reporter-output>
  </reporter-output>
  <suite name="Default suite" duration-ms="25735" started-at="2021-01-04T11:35:02Z" finished-at="2021-01-04T11:35:28Z">
    <groups>
    </groups>
    <test name="Default test" duration-ms="25735" started-at="2021-01-04T11:35:02Z" finished-at="2021-01-04T11:35:28Z">
      <class name="BookMyShow.Show.Book_Test">
        <test-method status="PASS" signature="inti()[pri:0, instance:BookMyShow.Show.Book_Test@4667ae56]" name="inti" is-config="true" duration-ms="14167" started-at="2021-01-04T11:35:02Z" finished-at="2021-01-04T11:35:16Z">
          <reporter-output>
          </reporter-output>
        </test-method> <!-- inti -->
        <test-method status="PASS" signature="test()[pri:0, instance:BookMyShow.Show.Book_Test@4667ae56]" name="test" duration-ms="11545" started-at="2021-01-04T11:35:16Z" finished-at="2021-01-04T11:35:28Z">
          <reporter-output>
          </reporter-output>
        </test-method> <!-- test -->
      </class> <!-- BookMyShow.Show.Book_Test -->
    </test> <!-- Default test -->
  </suite> <!-- Default suite -->
</testng-results>
